{"C:\\XN\\authiclabs_test\\backend\\src\\alchemy_config.ts": {"path":"C:\\XN\\authiclabs_test\\backend\\src\\alchemy_config.ts","statementMap":{"0":{"start":{"line":1,"column":0},"end":{"line":1,"column":38}},"1":{"start":{"line":2,"column":0},"end":{"line":2,"column":32}},"2":{"start":{"line":4,"column":0},"end":{"line":7,"column":2}}},"fnMap":{},"branchMap":{},"s":{"0":1,"1":1,"2":1},"f":{},"b":{}}
,"C:\\XN\\authiclabs_test\\backend\\src\\environment.ts": {"path":"C:\\XN\\authiclabs_test\\backend\\src\\environment.ts","statementMap":{"0":{"start":{"line":1,"column":0},"end":{"line":1,"column":32}},"1":{"start":{"line":2,"column":0},"end":{"line":2,"column":null}},"2":{"start":{"line":4,"column":0},"end":{"line":12,"column":null}}},"fnMap":{},"branchMap":{},"s":{"0":1,"1":1,"2":1},"f":{},"b":{}}
,"C:\\XN\\authiclabs_test\\backend\\src\\index.ts": {"path":"C:\\XN\\authiclabs_test\\backend\\src\\index.ts","statementMap":{"0":{"start":{"line":1,"column":0},"end":{"line":1,"column":30}},"1":{"start":{"line":2,"column":0},"end":{"line":2,"column":32}},"2":{"start":{"line":3,"column":0},"end":{"line":3,"column":32}},"3":{"start":{"line":4,"column":0},"end":{"line":4,"column":68}},"4":{"start":{"line":5,"column":0},"end":{"line":5,"column":43}},"5":{"start":{"line":6,"column":0},"end":{"line":6,"column":19}},"6":{"start":{"line":7,"column":0},"end":{"line":7,"column":23}},"7":{"start":{"line":9,"column":12},"end":{"line":9,"column":21}},"8":{"start":{"line":10,"column":13},"end":{"line":10,"column":29}},"9":{"start":{"line":12,"column":0},"end":{"line":12,"column":24}},"10":{"start":{"line":14,"column":13},"end":{"line":14,"column":61}},"11":{"start":{"line":15,"column":19},"end":{"line":15,"column":35}},"12":{"start":{"line":16,"column":0},"end":{"line":16,"column":null}},"13":{"start":{"line":18,"column":0},"end":{"line":25,"column":3}},"14":{"start":{"line":18,"column":37},"end":{"line":25,"column":2}},"15":{"start":{"line":19,"column":4},"end":{"line":24,"column":null}},"16":{"start":{"line":20,"column":8},"end":{"line":20,"column":144}},"17":{"start":{"line":22,"column":8},"end":{"line":22,"column":47}},"18":{"start":{"line":23,"column":8},"end":{"line":23,"column":27}},"19":{"start":{"line":27,"column":0},"end":{"line":36,"column":3}},"20":{"start":{"line":27,"column":41},"end":{"line":36,"column":2}},"21":{"start":{"line":28,"column":4},"end":{"line":35,"column":null}},"22":{"start":{"line":29,"column":24},"end":{"line":29,"column":44}},"23":{"start":{"line":30,"column":19},"end":{"line":30,"column":44}},"24":{"start":{"line":31,"column":8},"end":{"line":31,"column":102}},"25":{"start":{"line":33,"column":8},"end":{"line":33,"column":47}},"26":{"start":{"line":34,"column":8},"end":{"line":34,"column":27}},"27":{"start":{"line":38,"column":0},"end":{"line":66,"column":3}},"28":{"start":{"line":38,"column":72},"end":{"line":66,"column":2}},"29":{"start":{"line":39,"column":39},"end":{"line":39,"column":49}},"30":{"start":{"line":40,"column":4},"end":{"line":65,"column":null}},"31":{"start":{"line":41,"column":8},"end":{"line":42,"column":62}},"32":{"start":{"line":42,"column":12},"end":{"line":42,"column":62}},"33":{"start":{"line":44,"column":8},"end":{"line":45,"column":79}},"34":{"start":{"line":45,"column":12},"end":{"line":45,"column":79}},"35":{"start":{"line":47,"column":24},"end":{"line":47,"column":44}},"36":{"start":{"line":48,"column":26},"end":{"line":48,"column":60}},"37":{"start":{"line":50,"column":8},"end":{"line":52,"column":null}},"38":{"start":{"line":51,"column":12},"end":{"line":51,"column":60}},"39":{"start":{"line":54,"column":17},"end":{"line":54,"column":62}},"40":{"start":{"line":56,"column":8},"end":{"line":59,"column":15}},"41":{"start":{"line":58,"column":16},"end":{"line":58,"column":40}},"42":{"start":{"line":61,"column":8},"end":{"line":61,"column":null}},"43":{"start":{"line":63,"column":8},"end":{"line":63,"column":47}},"44":{"start":{"line":64,"column":8},"end":{"line":64,"column":27}},"45":{"start":{"line":68,"column":0},"end":{"line":70,"column":3}},"46":{"start":{"line":68,"column":28},"end":{"line":70,"column":2}},"47":{"start":{"line":69,"column":4},"end":{"line":69,"column":49}},"48":{"start":{"line":72,"column":0},"end":{"line":72,"column":19}}},"fnMap":{"0":{"name":"(anonymous_8)","decl":{"start":{"line":18,"column":13},"end":{"line":18,"column":20}},"loc":{"start":{"line":18,"column":37},"end":{"line":25,"column":2}}},"1":{"name":"(anonymous_9)","decl":{"start":{"line":18,"column":37},"end":{"line":18,"column":null}},"loc":{"start":{"line":18,"column":37},"end":{"line":25,"column":1}}},"2":{"name":"(anonymous_10)","decl":{"start":{"line":27,"column":22},"end":{"line":27,"column":29}},"loc":{"start":{"line":27,"column":41},"end":{"line":36,"column":2}}},"3":{"name":"(anonymous_11)","decl":{"start":{"line":27,"column":41},"end":{"line":27,"column":null}},"loc":{"start":{"line":27,"column":41},"end":{"line":36,"column":1}}},"4":{"name":"(anonymous_12)","decl":{"start":{"line":38,"column":48},"end":{"line":38,"column":55}},"loc":{"start":{"line":38,"column":72},"end":{"line":66,"column":2}}},"5":{"name":"(anonymous_13)","decl":{"start":{"line":38,"column":72},"end":{"line":38,"column":null}},"loc":{"start":{"line":38,"column":72},"end":{"line":66,"column":1}}},"6":{"name":"(anonymous_14)","decl":{"start":{"line":57,"column":19},"end":{"line":57,"column":20}},"loc":{"start":{"line":57,"column":32},"end":{"line":59,"column":13}}},"7":{"name":"(anonymous_15)","decl":{"start":{"line":68,"column":17},"end":{"line":68,"column":26}},"loc":{"start":{"line":68,"column":28},"end":{"line":70,"column":2}}},"8":{"name":"(anonymous_16)","decl":{"start":{"line":68,"column":28},"end":{"line":68,"column":null}},"loc":{"start":{"line":68,"column":28},"end":{"line":70,"column":1}}}},"branchMap":{"0":{"loc":{"start":{"line":10,"column":13},"end":{"line":10,"column":29}},"type":"binary-expr","locations":[{"start":{"line":10,"column":13},"end":{"line":10,"column":21}},{"start":{"line":10,"column":25},"end":{"line":10,"column":29}}]},"1":{"loc":{"start":{"line":31,"column":44},"end":{"line":31,"column":98}},"type":"cond-expr","locations":[{"start":{"line":31,"column":56},"end":{"line":31,"column":79}},{"start":{"line":31,"column":82},"end":{"line":31,"column":98}}]},"2":{"loc":{"start":{"line":41,"column":8},"end":{"line":42,"column":62}},"type":"if","locations":[{"start":{"line":41,"column":8},"end":{"line":42,"column":62}}]},"3":{"loc":{"start":{"line":44,"column":8},"end":{"line":45,"column":79}},"type":"if","locations":[{"start":{"line":44,"column":8},"end":{"line":45,"column":79}}]},"4":{"loc":{"start":{"line":50,"column":8},"end":{"line":52,"column":null}},"type":"if","locations":[{"start":{"line":50,"column":8},"end":{"line":52,"column":null}}]},"5":{"loc":{"start":{"line":50,"column":12},"end":{"line":50,"column":63}},"type":"binary-expr","locations":[{"start":{"line":50,"column":12},"end":{"line":50,"column":21}},{"start":{"line":50,"column":25},"end":{"line":50,"column":63}}]}},"s":{"0":1,"1":1,"2":1,"3":1,"4":1,"5":1,"6":1,"7":1,"8":1,"9":1,"10":1,"11":1,"12":1,"13":1,"14":1,"15":1,"16":1,"17":0,"18":0,"19":1,"20":1,"21":1,"22":1,"23":1,"24":1,"25":0,"26":0,"27":1,"28":4,"29":4,"30":4,"31":4,"32":1,"33":3,"34":1,"35":2,"36":2,"37":2,"38":1,"39":1,"40":1,"41":0,"42":1,"43":0,"44":0,"45":1,"46":1,"47":1,"48":1},"f":{"0":1,"1":1,"2":1,"3":1,"4":4,"5":4,"6":0,"7":1,"8":1},"b":{"0":[1,0],"1":[1,0],"2":[1],"3":[1],"4":[1],"5":[2,2]}}
,"C:\\XN\\authiclabs_test\\backend\\src\\utils.ts": {"path":"C:\\XN\\authiclabs_test\\backend\\src\\utils.ts","statementMap":{"0":{"start":{"line":2,"column":0},"end":{"line":2,"column":32}},"1":{"start":{"line":3,"column":0},"end":{"line":3,"column":38}},"2":{"start":{"line":4,"column":0},"end":{"line":4,"column":32}},"3":{"start":{"line":5,"column":0},"end":{"line":5,"column":46}},"4":{"start":{"line":6,"column":0},"end":{"line":6,"column":96}},"5":{"start":{"line":8,"column":16},"end":{"line":8,"column":43}},"6":{"start":{"line":10,"column":17},"end":{"line":10,"column":56}},"7":{"start":{"line":11,"column":15},"end":{"line":11,"column":62}},"8":{"start":{"line":13,"column":11},"end":{"line":13,"column":null}},"9":{"start":{"line":15,"column":28},"end":{"line":20,"column":null}},"10":{"start":{"line":15,"column":39},"end":{"line":20,"column":null}},"11":{"start":{"line":16,"column":4},"end":{"line":19,"column":null}},"12":{"start":{"line":17,"column":8},"end":{"line":17,"column":null}},"13":{"start":{"line":19,"column":9},"end":{"line":19,"column":null}},"14":{"start":{"line":15,"column":13},"end":{"line":15,"column":28}},"15":{"start":{"line":22,"column":33},"end":{"line":31,"column":null}},"16":{"start":{"line":22,"column":44},"end":{"line":31,"column":null}},"17":{"start":{"line":23,"column":21},"end":{"line":25,"column":6}},"18":{"start":{"line":27,"column":15},"end":{"line":27,"column":28}},"19":{"start":{"line":29,"column":4},"end":{"line":29,"column":16}},"20":{"start":{"line":22,"column":13},"end":{"line":22,"column":33}}},"fnMap":{"0":{"name":"(anonymous_8)","decl":{"start":{"line":15,"column":28},"end":{"line":15,"column":37}},"loc":{"start":{"line":15,"column":39},"end":{"line":20,"column":null}}},"1":{"name":"(anonymous_9)","decl":{"start":{"line":15,"column":39},"end":{"line":15,"column":null}},"loc":{"start":{"line":15,"column":39},"end":{"line":20,"column":1}}},"2":{"name":"(anonymous_10)","decl":{"start":{"line":22,"column":33},"end":{"line":22,"column":42}},"loc":{"start":{"line":22,"column":44},"end":{"line":31,"column":null}}},"3":{"name":"(anonymous_11)","decl":{"start":{"line":22,"column":44},"end":{"line":22,"column":null}},"loc":{"start":{"line":22,"column":44},"end":{"line":31,"column":1}}}},"branchMap":{"0":{"loc":{"start":{"line":16,"column":4},"end":{"line":19,"column":null}},"type":"if","locations":[{"start":{"line":16,"column":4},"end":{"line":19,"column":null}},{"start":{"line":19,"column":9},"end":{"line":19,"column":null}}]}},"s":{"0":1,"1":1,"2":1,"3":1,"4":1,"5":1,"6":1,"7":1,"8":1,"9":1,"10":3,"11":3,"12":3,"13":0,"14":1,"15":1,"16":3,"17":3,"18":3,"19":3,"20":1},"f":{"0":3,"1":3,"2":3,"3":3},"b":{"0":[3,0]}}
,"C:\\XN\\authiclabs_test\\backend\\typechain-types\\factories\\contracts\\DefaultNFT__factory.ts": {"path":"C:\\XN\\authiclabs_test\\backend\\typechain-types\\factories\\contracts\\DefaultNFT__factory.ts","statementMap":{"0":{"start":{"line":4,"column":0},"end":{"line":4,"column":null}},"1":{"start":{"line":17,"column":13},"end":{"line":449,"column":11}},"2":{"start":{"line":452,"column":2},"end":{"line":452,"column":25722}},"3":{"start":{"line":458,"column":20},"end":{"line":460,"column":71}},"4":{"start":{"line":460,"column":58},"end":{"line":460,"column":71}},"5":{"start":{"line":464,"column":4},"end":{"line":468,"column":null}},"6":{"start":{"line":465,"column":6},"end":{"line":465,"column":21}},"7":{"start":{"line":467,"column":6},"end":{"line":467,"column":38}},"8":{"start":{"line":474,"column":4},"end":{"line":474,"column":55}},"9":{"start":{"line":477,"column":4},"end":{"line":481,"column":6}},"10":{"start":{"line":484,"column":4},"end":{"line":484,"column":56}},"11":{"start":{"line":490,"column":4},"end":{"line":490,"column":54}},"12":{"start":{"line":493,"column":4},"end":{"line":493,"column":72}},"13":{"start":{"line":462,"column":0},"end":{"line":462,"column":13}},"14":{"start":{"line":487,"column":18},"end":{"line":487,"column":39}},"15":{"start":{"line":488,"column":18},"end":{"line":488,"column":29}}},"fnMap":{"0":{"name":"(anonymous_0)","decl":{"start":{"line":458,"column":20},"end":{"line":458,"column":null}},"loc":{"start":{"line":460,"column":58},"end":{"line":460,"column":71}}},"1":{"name":"(anonymous_1)","decl":{"start":{"line":463,"column":2},"end":{"line":463,"column":14}},"loc":{"start":{"line":463,"column":50},"end":{"line":469,"column":3}}},"2":{"name":"(anonymous_2)","decl":{"start":{"line":471,"column":11},"end":{"line":471,"column":31}},"loc":{"start":{"line":472,"column":55},"end":{"line":475,"column":3}}},"3":{"name":"(anonymous_3)","decl":{"start":{"line":476,"column":11},"end":{"line":476,"column":17}},"loc":{"start":{"line":476,"column":69},"end":{"line":482,"column":3}}},"4":{"name":"(anonymous_4)","decl":{"start":{"line":483,"column":11},"end":{"line":483,"column":18}},"loc":{"start":{"line":483,"column":48},"end":{"line":485,"column":3}}},"5":{"name":"(anonymous_5)","decl":{"start":{"line":489,"column":2},"end":{"line":489,"column":8}},"loc":{"start":{"line":489,"column":24},"end":{"line":491,"column":3}}},"6":{"name":"(anonymous_6)","decl":{"start":{"line":492,"column":2},"end":{"line":492,"column":8}},"loc":{"start":{"line":492,"column":64},"end":{"line":494,"column":3}}}},"branchMap":{"0":{"loc":{"start":{"line":464,"column":4},"end":{"line":468,"column":null}},"type":"if","locations":[{"start":{"line":464,"column":4},"end":{"line":468,"column":null}},{"start":{"line":466,"column":11},"end":{"line":468,"column":null}}]},"1":{"loc":{"start":{"line":474,"column":38},"end":{"line":474,"column":53}},"type":"binary-expr","locations":[{"start":{"line":474,"column":38},"end":{"line":474,"column":47}},{"start":{"line":474,"column":51},"end":{"line":474,"column":53}}]},"2":{"loc":{"start":{"line":477,"column":24},"end":{"line":477,"column":39}},"type":"binary-expr","locations":[{"start":{"line":477,"column":24},"end":{"line":477,"column":33}},{"start":{"line":477,"column":37},"end":{"line":477,"column":39}}]}},"s":{"0":1,"1":1,"2":1,"3":1,"4":0,"5":0,"6":0,"7":0,"8":0,"9":0,"10":0,"11":0,"12":1,"13":1,"14":1,"15":1},"f":{"0":0,"1":0,"2":0,"3":0,"4":0,"5":0,"6":1},"b":{"0":[0,0],"1":[0,0],"2":[0,0]}}
}
