TN:
SF:src\alchemy_config.ts
FNF:0
FNH:0
DA:1,1
DA:2,1
DA:4,1
LF:3
LH:3
BRF:0
BRH:0
end_of_record
TN:
SF:src\environment.ts
FNF:0
FNH:0
DA:1,1
DA:2,1
DA:4,1
LF:3
LH:3
BRF:0
BRH:0
end_of_record
TN:
SF:src\index.ts
FN:18,(anonymous_8)
FN:18,(anonymous_9)
FN:27,(anonymous_10)
FN:27,(anonymous_11)
FN:38,(anonymous_12)
FN:38,(anonymous_13)
FN:57,(anonymous_14)
FN:68,(anonymous_15)
FN:68,(anonymous_16)
FNF:9
FNH:8
FNDA:1,(anonymous_8)
FNDA:1,(anonymous_9)
FNDA:1,(anonymous_10)
FNDA:1,(anonymous_11)
FNDA:4,(anonymous_12)
FNDA:4,(anonymous_13)
FNDA:0,(anonymous_14)
FNDA:1,(anonymous_15)
FNDA:1,(anonymous_16)
DA:1,1
DA:2,1
DA:3,1
DA:4,1
DA:5,1
DA:6,1
DA:7,1
DA:9,1
DA:10,1
DA:12,1
DA:14,1
DA:15,1
DA:16,1
DA:18,1
DA:19,1
DA:20,1
DA:22,0
DA:23,0
DA:27,1
DA:28,1
DA:29,1
DA:30,1
DA:31,1
DA:33,0
DA:34,0
DA:38,4
DA:39,4
DA:40,4
DA:41,4
DA:42,1
DA:44,3
DA:45,1
DA:47,2
DA:48,2
DA:50,2
DA:51,1
DA:54,1
DA:56,1
DA:58,0
DA:61,1
DA:63,0
DA:64,0
DA:68,1
DA:69,1
DA:72,1
LF:45
LH:38
BRDA:10,0,0,1
BRDA:10,0,1,0
BRDA:31,1,0,1
BRDA:31,1,1,0
BRDA:41,2,0,1
BRDA:44,3,0,1
BRDA:50,4,0,1
BRDA:50,5,0,2
BRDA:50,5,1,2
BRF:9
BRH:7
end_of_record
TN:
SF:src\utils.ts
FN:15,(anonymous_8)
FN:15,(anonymous_9)
FN:22,(anonymous_10)
FN:22,(anonymous_11)
FNF:4
FNH:4
FNDA:3,(anonymous_8)
FNDA:3,(anonymous_9)
FNDA:3,(anonymous_10)
FNDA:3,(anonymous_11)
DA:2,1
DA:3,1
DA:4,1
DA:5,1
DA:6,1
DA:8,1
DA:10,1
DA:11,1
DA:13,1
DA:15,3
DA:16,3
DA:17,3
DA:19,0
DA:22,3
DA:23,3
DA:27,3
DA:29,3
LF:17
LH:16
BRDA:16,0,0,3
BRDA:16,0,1,0
BRF:2
BRH:1
end_of_record
TN:
SF:typechain-types\factories\contracts\DefaultNFT__factory.ts
FN:458,(anonymous_0)
FN:463,(anonymous_1)
FN:471,(anonymous_2)
FN:476,(anonymous_3)
FN:483,(anonymous_4)
FN:489,(anonymous_5)
FN:492,(anonymous_6)
FNF:7
FNH:1
FNDA:0,(anonymous_0)
FNDA:0,(anonymous_1)
FNDA:0,(anonymous_2)
FNDA:0,(anonymous_3)
FNDA:0,(anonymous_4)
FNDA:0,(anonymous_5)
FNDA:1,(anonymous_6)
DA:4,1
DA:17,1
DA:452,1
DA:458,1
DA:460,0
DA:462,1
DA:464,0
DA:465,0
DA:467,0
DA:474,0
DA:477,0
DA:484,0
DA:487,1
DA:488,1
DA:490,0
DA:493,1
LF:16
LH:8
BRDA:464,0,0,0
BRDA:464,0,1,0
BRDA:474,1,0,0
BRDA:474,1,1,0
BRDA:477,2,0,0
BRDA:477,2,1,0
BRF:6
BRH:0
end_of_record
